Arguments: 
  D:\laragon\bin\nodejs\node-v18\node.exe C:\Users\Airp\AppData\Roaming\npm\node_modules\yarn\bin\yarn.js install --production --ignore-optional --silent

PATH: 
  C:\Users\Airp\AppData\Local\Yarn\config\global\node_modules\.bin;C:\Users\Airp\AppData\Roaming\npm;C:\Users\Airp\AppData\Roaming\Composer\vendor\bin;;D:\laragon\bin\laragon\utils;D:\laragon\bin\mysql\mysql-8.0.30-winx64\bin;D:\laragon\bin\php\php-8.1.10-Win32-vs16-x64;D:\laragon\bin\composer;D:\laragon\bin\apache\httpd-2.4.54-win64-VS16\bin;D:\laragon\bin\redis\redis-x64-5.0.14.1;D:\laragon\bin\nodejs\node-v18;D:\laragon\bin\python\python-3.10;D:\laragon\bin\python\python-3.10\Scripts;D:\laragon\bin\nginx\nginx-1.22.0;D:\laragon\bin\notepad++;D:\laragon\bin\telnet;D:\laragon\bin\ngrok;D:\laragon\bin\git\bin;D:\laragon\bin\git\cmd;D:\laragon\bin\git\usr\bin;D:\laragon\bin\git\mingw64\bin;D:\laragon\bin;D:\laragon\usr\bin;D:\laragon\bin\cmder\vendor\conemu-maximus5\ConEmu\Scripts;D:\laragon\bin\cmder\vendor\conemu-maximus5;D:\laragon\bin\cmder\vendor\conemu-maximus5\ConEmu;C:\Program Files (x86)\Common Files\Oracle\Java\javapath;C:\Program Files\Microsoft\jdk-11.0.21.9-hotspot\bin;C:\Windows\system32;C:\Windows;C:\Windows\System32\Wbem;C:\Windows\System32\WindowsPowerShell\v1.0\;C:\Windows\System32\OpenSSH\;D:\QuickTime\QTSystem\;C:\Program Files (x86)\NetSarang\Xshell 7\;C:\Program Files (x86)\NetSarang\Xftp 7\;C:\Program Files\Bandizip\;C:\Program Files\Microsoft SQL Server\150\Tools\Binn\;C:\Program Files\nodejs\;C:\Program Files\dotnet\;C:\Program Files\Git\cmd;C:\Program Files\Go\bin;C:\Program Files\WireGuard\;C:\Users\Airp\AppData\Local\Programs\Python\Python312\Scripts\;C:\Users\Airp\AppData\Local\Programs\Python\Python312\;C:\Users\Airp\AppData\Local\Programs\Python\Python311\Scripts\;C:\Users\Airp\AppData\Local\Programs\Python\Python311\;C:\Users\Airp\AppData\Local\Programs\WingetUI\choco-cli\bin;C:\Users\Airp\.cargo\bin;C:\Users\Airp\AppData\Local\Microsoft\WindowsApps;D:\Software\PyCharm Community Edition 2023.1.2\bin;C:\Program Files\JetBrains\CLion 2023.1.3\bin;D:\Software\WebStorm 2023.1.3\bin;C:\Users\Airp\AppData\Loc;C:\Program Files\Docker\Docker\resources\bin;C:\Users\Airp\AppData\Local\Programs\Python\Python312\Scripts\;C:\Users\Airp\AppData\Local\Programs\Python\Python312\;C:\Users\Airp\AppData\Local\Programs\Python\Python311\Scripts\;C:\Users\Airp\AppData\Local\Programs\Python\Python311\;C:\Users\Airp\AppData\Local\Programs\WingetUI\choco-cli\bin;C:\Users\Airp\.cargo\bin;C:\Users\Airp\AppData\Local\Microsoft\WindowsApps;D:\Software\PyCharm Community Edition 2023.1.2\bin;C:\Program Files\JetBrains\CLion 2023.1.3\bin;D:\Software\WebStorm 2023.1.3\bin;C:\Users\Airp\AppData\Local\GitHubDesktop\bin;C:\Users\Airp\AppData\Local\Microsoft\WinGet\Packages\JernejSimoncic.Wget_Microsoft.Winget.Source_8wekyb3d8bbwe;C:\Users\Airp\AppData\Local\Microsoft\WinGet\Packages\GNU.Nano_Microsoft.Winget.Source_8wekyb3d8bbwe;D:\Software\IntelliJ IDEA 2023.1.3\bin;C:\Users\Airp\AppData\Roaming\npm;D:\Software\PhpStorm 2023.1.4\bin;D:\Software\PyCharm 2023.2\bin;C:\Program Files (x86)\Nmap;C:\Users\Airp\go\bin;D:\Software\JetBrains\GoLand 2023.2.2\bin;C:\Users\Airp\go\bin;C:\Users\Airp\AppData\Local\Programs\Microsoft VS Code\bin;C:\Program Files\Graphviz\bin;C:\Program Files\Git\mingw64\bin;C:\Program Files\Git\usr\bin;D:\laragon\bin\cmder\vendor\bin;D:\laragon\bin\cmder;

Yarn version: 
  1.22.19

Node version: 
  18.8.0

Platform: 
  win32 x64

Trace: 
  Error: certificate has expired
      at TLSSocket.onConnectSecure (node:_tls_wrap:1538:34)
      at TLSSocket.emit (node:events:513:28)
      at TLSSocket._finishInit (node:_tls_wrap:952:8)
      at ssl.onhandshakedone (node:_tls_wrap:733:12)

npm manifest: 
  {
    "name": "hexo-site",
    "version": "0.0.0",
    "private": true,
    "scripts": {
      "build": "hexo generate",
      "clean": "hexo clean",
      "deploy": "hexo deploy",
      "server": "hexo server"
    },
    "hexo": {
      "version": ""
    },
    "dependencies": {
      "hexo": "^6.3.0",
      "hexo-generator-archive": "^2.0.0",
      "hexo-generator-category": "^2.0.0",
      "hexo-generator-index": "^3.0.0",
      "hexo-generator-tag": "^2.0.0",
      "hexo-renderer-ejs": "^2.0.0",
      "hexo-renderer-marked": "^6.0.0",
      "hexo-renderer-stylus": "^2.1.0",
      "hexo-server": "^3.0.0",
      "hexo-theme-landscape": "^1.0.0"
    }
  }

yarn manifest: 
  No manifest

Lockfile: 
  No lockfile
